SF:lib/src/rules/rule.dart
DA:4,45
DA:10,0
DA:16,2
DA:17,3
LF:4
LH:3
end_of_record
SF:lib/src/classes/input.dart
DA:21,0
DA:31,0
DA:33,0
DA:35,0
DA:36,0
DA:38,0
DA:39,0
DA:42,0
DA:43,0
DA:48,0
DA:55,0
DA:57,0
DA:59,0
DA:61,0
DA:63,0
DA:65,0
DA:67,0
DA:68,0
DA:69,0
DA:74,0
DA:75,0
DA:78,0
DA:79,0
DA:81,0
DA:86,0
DA:95,0
DA:96,0
DA:97,0
DA:98,0
DA:99,0
DA:100,0
DA:101,0
DA:102,0
DA:106,0
DA:108,0
LF:35
LH:0
end_of_record
SF:lib/src/providers/input.dart
DA:7,0
DA:9,0
DA:11,0
DA:15,0
DA:17,0
DA:23,0
DA:25,0
DA:28,0
DA:29,0
DA:31,0
DA:34,0
DA:35,0
DA:37,0
DA:40,0
DA:41,0
DA:42,0
DA:44,0
DA:47,0
DA:49,0
DA:51,0
DA:55,0
DA:56,0
LF:22
LH:0
end_of_record
SF:lib/src/providers/button.dart
DA:8,0
DA:9,0
DA:10,0
DA:11,0
DA:13,0
DA:16,0
DA:17,0
DA:19,0
DA:20,0
DA:22,0
LF:10
LH:0
end_of_record
SF:lib/src/validation_input.dart
DA:9,0
DA:14,0
DA:16,0
DA:17,0
DA:18,0
DA:19,0
DA:21,0
LF:7
LH:0
end_of_record
SF:lib/src/controllers/button.dart
DA:9,0
DA:14,0
DA:17,0
DA:18,0
DA:21,0
DA:22,0
DA:25,0
DA:26,0
LF:8
LH:0
end_of_record
SF:lib/src/controllers/text_editing.dart
DA:14,0
DA:21,0
DA:22,0
DA:24,0
DA:25,0
DA:27,0
DA:28,0
DA:30,0
DA:34,0
DA:36,0
DA:42,0
DA:45,0
DA:46,0
DA:50,0
DA:53,0
DA:55,0
DA:57,0
DA:58,0
DA:61,0
DA:63,0
DA:64,0
LF:21
LH:0
end_of_record
SF:lib/src/classes/button_form_data.dart
DA:10,42
DA:16,0
DA:21,0
DA:22,0
DA:23,0
DA:24,0
DA:28,0
DA:29,0
LF:8
LH:1
end_of_record
SF:lib/src/classes/validation_state.dart
DA:4,0
DA:6,0
DA:8,0
LF:3
LH:0
end_of_record
SF:lib/src/rules/colors/is_hex_color.dart
DA:4,1
DA:8,1
DA:10,2
DA:11,2
DA:14,0
LF:5
LH:4
end_of_record
SF:lib/src/rules/dates/date_after.dart
DA:6,1
DA:11,1
DA:13,1
DA:15,2
DA:18,0
LF:5
LH:4
end_of_record
SF:lib/src/rules/dates/date_before.dart
DA:6,1
DA:11,1
DA:13,1
DA:15,2
DA:18,0
LF:5
LH:4
end_of_record
SF:lib/src/rules/dates/is_date.dart
DA:4,1
DA:8,1
DA:9,1
DA:11,0
LF:4
LH:3
end_of_record
SF:lib/src/rules/it/is_boolean.dart
DA:4,1
DA:8,1
DA:10,1
DA:11,6
DA:14,0
LF:5
LH:4
end_of_record
SF:lib/src/rules/it/is_email.dart
DA:5,1
DA:9,1
DA:10,1
DA:12,0
LF:4
LH:3
end_of_record
SF:lib/src/rules/it/is_port.dart
DA:4,1
DA:8,1
DA:10,1
DA:11,2
DA:15,2
DA:18,0
LF:6
LH:5
end_of_record
SF:lib/src/rules/it/regx.dart
DA:6,1
DA:11,1
DA:12,2
DA:14,0
LF:4
LH:3
end_of_record
SF:lib/src/rules/languages/is_ltr.dart
DA:5,1
DA:9,1
DA:10,1
DA:12,0
LF:4
LH:3
end_of_record
SF:lib/src/rules/languages/is_rtl.dart
DA:5,1
DA:9,1
DA:10,1
DA:12,0
LF:4
LH:3
end_of_record
SF:lib/src/rules/lists/contains_any.dart
DA:8,1
DA:14,1
DA:16,3
DA:18,0
DA:22,2
DA:29,2
DA:30,2
DA:31,3
DA:32,10
DA:35,1
DA:36,1
DA:37,0
DA:38,3
LF:13
LH:11
end_of_record
SF:lib/src/rules/lists/is_in.dart
DA:6,1
DA:11,1
DA:12,2
DA:14,0
DA:18,10
LF:5
LH:4
end_of_record
SF:lib/src/rules/lists/is_not_in.dart
DA:7,1
DA:12,1
DA:13,2
DA:15,0
LF:4
LH:3
end_of_record
SF:lib/src/rules/lists/not_contains_any.dart
DA:7,1
DA:12,0
DA:15,1
DA:16,2
LF:4
LH:3
end_of_record
SF:lib/src/rules/lists/not_repeat_value.dart
DA:6,0
DA:10,0
DA:12,0
DA:13,0
DA:15,0
LF:5
LH:0
end_of_record
SF:lib/src/rules/magic/sometimes.dart
DA:4,1
DA:7,1
DA:8,1
LF:3
LH:3
end_of_record
SF:lib/src/rules/password/password.dart
DA:14,1
DA:25,1
DA:27,3
DA:28,1
DA:32,3
DA:33,1
DA:37,3
DA:38,1
DA:42,1
DA:43,2
DA:44,0
DA:48,3
DA:49,0
DA:56,0
DA:57,0
LF:15
LH:11
end_of_record
SF:lib/src/rules/password/confirmed_password.dart
DA:7,1
DA:12,1
DA:13,3
DA:15,0
LF:4
LH:3
end_of_record
SF:lib/src/rules/numbers/is_number_only.dart
DA:4,1
DA:8,1
DA:9,1
DA:11,0
LF:4
LH:3
end_of_record
SF:lib/src/rules/numbers/is_number.dart
DA:4,1
DA:8,1
DA:9,1
DA:11,0
LF:4
LH:3
end_of_record
SF:lib/src/rules/numbers/max_value.dart
DA:6,1
DA:11,1
DA:13,1
DA:15,2
DA:18,0
LF:5
LH:4
end_of_record
SF:lib/src/rules/numbers/min_value.dart
DA:6,1
DA:11,1
DA:13,1
DA:15,2
DA:18,0
LF:5
LH:4
end_of_record
SF:lib/src/rules/phone/is_egy_phone.dart
DA:4,1
DA:8,1
DA:9,2
DA:11,0
LF:4
LH:3
end_of_record
SF:lib/src/rules/phone/is_ksa_phone.dart
DA:4,1
DA:8,1
DA:10,1
DA:11,1
DA:13,0
LF:5
LH:4
end_of_record
SF:lib/src/rules/text/contains.dart
DA:6,1
DA:11,1
DA:12,3
DA:14,0
LF:4
LH:3
end_of_record
SF:lib/src/rules/text/ends_with.dart
DA:6,1
DA:11,1
DA:12,3
DA:14,0
LF:4
LH:3
end_of_record
SF:lib/src/rules/text/is_empty.dart
DA:4,1
DA:8,1
DA:9,2
DA:11,0
LF:4
LH:3
end_of_record
SF:lib/src/rules/text/is_required.dart
DA:4,1
DA:8,1
DA:9,2
DA:11,0
LF:4
LH:3
end_of_record
SF:lib/src/rules/text/match.dart
DA:7,1
DA:13,1
DA:14,1
DA:15,2
DA:16,4
DA:18,0
DA:22,1
DA:26,3
DA:27,1
LF:9
LH:8
end_of_record
SF:lib/src/rules/text/max_length.dart
DA:6,1
DA:11,1
DA:12,4
DA:14,0
LF:4
LH:3
end_of_record
SF:lib/src/rules/text/min_length.dart
DA:6,2
DA:11,2
DA:12,8
DA:14,0
LF:4
LH:3
end_of_record
SF:lib/src/rules/text/range_length.dart
DA:8,1
DA:14,1
DA:16,2
DA:18,4
DA:21,0
LF:5
LH:4
end_of_record
SF:lib/src/rules/text/not_contains.dart
DA:6,1
DA:11,1
DA:12,3
DA:14,0
LF:4
LH:3
end_of_record
SF:lib/src/rules/text/starts_with.dart
DA:6,1
DA:11,1
DA:12,3
DA:14,0
LF:4
LH:3
end_of_record
SF:lib/src/rules/text/uppercase.dart
DA:4,2
DA:8,2
DA:9,4
DA:11,0
LF:4
LH:3
end_of_record
SF:lib/src/rules/text/lowercase.dart
DA:4,2
DA:8,2
DA:9,4
DA:11,0
LF:4
LH:3
end_of_record
SF:lib/src/rules/text/same.dart
DA:6,2
DA:11,2
DA:12,4
DA:14,0
LF:4
LH:3
end_of_record
SF:lib/src/rules/text/is_username.dart
DA:4,1
DA:8,1
DA:9,2
DA:11,0
LF:4
LH:3
end_of_record
SF:lib/src/rules/text/alpha_numeric.dart
DA:4,1
DA:8,1
DA:9,2
DA:11,0
LF:4
LH:3
end_of_record
SF:lib/src/rules/urls/is_facebook_url.dart
DA:4,1
DA:8,1
DA:10,1
DA:12,1
DA:15,0
LF:5
LH:4
end_of_record
SF:lib/src/rules/urls/is_instagram_url.dart
DA:4,1
DA:8,1
DA:10,1
DA:12,1
DA:15,0
LF:5
LH:4
end_of_record
SF:lib/src/rules/urls/is_url.dart
DA:4,1
DA:8,1
DA:10,1
DA:12,1
DA:15,0
LF:5
LH:4
end_of_record
SF:lib/src/rules/urls/is_youtube_url.dart
DA:4,1
DA:8,1
DA:10,1
DA:12,1
DA:15,0
LF:5
LH:4
end_of_record
SF:lib/src/rules/it/is_ip_address.dart
DA:4,1
DA:8,1
DA:10,1
DA:11,2
DA:15,2
DA:17,1
DA:18,2
DA:30,0
LF:8
LH:7
end_of_record
SF:lib/src/rules/urls/is_secure_url.dart
DA:4,1
DA:8,1
DA:10,1
DA:12,1
DA:15,0
LF:5
LH:4
end_of_record
